<?xml version="1.0" encoding="UTF-8"?>
<!-- Generated by org.testng.reporters.JUnitReportReporter -->
<testsuite skipped="0" hostname="DESKTOP-VE77QOO" name="practice_package.Sample_Test" tests="2" failures="0" timestamp="2023-01-06T12:52:16 IST" time="0.014" errors="0">
  <testcase name="A" time="0.012" classname="practice_package.Sample_Test"/>
  <system-out/>
  <testcase name="B" time="0.002" classname="practice_package.Sample_Test"/>
  <system-out/>
</testsuite> <!-- practice_package.Sample_Test -->
