<?xml version="1.0" encoding="UTF-8"?>
<!-- Generated by org.testng.reporters.JUnitReportReporter -->
<testsuite skipped="0" hostname="DESKTOP-VE77QOO" name="admin_module.Admin_Test" tests="2" failures="0" timestamp="2023-01-18T14:43:22 IST" time="9.476" errors="0">
  <testcase name="Manage_doc" time="7.114" classname="admin_module.Admin_Test"/>
  <system-out/>
  <testcase name="ManageUSer" time="2.362" classname="admin_module.Admin_Test"/>
  <system-out/>
</testsuite> <!-- admin_module.Admin_Test -->
