<?xml version="1.0" encoding="UTF-8"?>
<!-- Generated by org.testng.reporters.JUnitReportReporter -->
<testsuite skipped="0" hostname="DESKTOP-VE77QOO" name="practice_package.Sample_TestNg" tests="4" failures="0" timestamp="2023-01-09T17:38:42 IST" time="0.010" errors="0">
  <testcase name="deleted" time="0.002" classname="practice_package.Sample_TestNg"/>
  <system-out/>
  <testcase name="deleted" time="0.004" classname="practice_package.Sample_TestNg"/>
  <system-out/>
  <testcase name="updated" time="0.003" classname="practice_package.Sample_TestNg"/>
  <system-out/>
  <testcase name="Created" time="0.001" classname="practice_package.Sample_TestNg"/>
  <system-out/>
</testsuite> <!-- practice_package.Sample_TestNg -->
