<?xml version="1.0" encoding="UTF-8"?>
<!-- Generated by org.testng.reporters.JUnitReportReporter -->
<testsuite skipped="0" hostname="DESKTOP-VE77QOO" name="Patient_module.Appointment_historyTest" tests="1" failures="0" timestamp="2023-01-18T14:43:22 IST" time="24.047" errors="0">
  <testcase name="appointment_historyTest" time="24.047" classname="Patient_module.Appointment_historyTest"/>
  <system-out/>
</testsuite> <!-- Patient_module.Appointment_historyTest -->
